<?xml version="1.0" encoding="UTF-8"?>
<!-- Generated by org.testng.reporters.JUnitReportReporter -->
<testsuite hostname="DESKTOP-QCI0279" failures="0" tests="1" name="com.fsm.tests.EmployeeLoginPageTest" time="6.790" errors="0" timestamp="2023-08-03T13:25:59 IST" skipped="0">
  <testcase classname="com.fsm.tests.EmployeeLoginPageTest" name="FSM_TC_Login_002" time="6.790"/>
  <system-out/>
</testsuite> <!-- com.fsm.tests.EmployeeLoginPageTest -->
