<?xml version="1.0" encoding="UTF-8"?>
<!-- Generated by org.testng.reporters.JUnitReportReporter -->
<testsuite hostname="DESKTOP-QCI0279" failures="0" tests="1" name="com.fsm.tests.EmployeeLoginPageTest" time="6.833" errors="0" timestamp="2023-08-03T15:12:13 IST" skipped="0">
  <testcase classname="com.fsm.tests.EmployeeLoginPageTest" name="FSM_TC_Login_007" time="6.833"/>
  <system-out/>
</testsuite> <!-- com.fsm.tests.EmployeeLoginPageTest -->
